[35m@aptos-wallet/dapp-example:build[0m: cache hit, replaying output [2m089541789343e5cc[0m
[35m@aptos-wallet/dapp-example:build: [0m$ react-scripts build
[35m@aptos-wallet/dapp-example:build: [0mCreating an optimized production build...
[35m@aptos-wallet/dapp-example:build: [0mCompiled successfully.
[35m@aptos-wallet/dapp-example:build: [0m
[35m@aptos-wallet/dapp-example:build: [0mFile sizes after gzip:
[35m@aptos-wallet/dapp-example:build: [0m
[35m@aptos-wallet/dapp-example:build: [0m  46.62 kB  build/static/js/main.c63cca3f.js
[35m@aptos-wallet/dapp-example:build: [0m  1.8 kB    build/static/js/415.5a0801e0.chunk.js
[35m@aptos-wallet/dapp-example:build: [0m  541 B     build/static/css/main.073c9b0a.css
[35m@aptos-wallet/dapp-example:build: [0m
[35m@aptos-wallet/dapp-example:build: [0mThe project was built assuming it is hosted at /.
[35m@aptos-wallet/dapp-example:build: [0mYou can control this with the homepage field in your package.json.
[35m@aptos-wallet/dapp-example:build: [0m
[35m@aptos-wallet/dapp-example:build: [0mThe build folder is ready to be deployed.
[35m@aptos-wallet/dapp-example:build: [0mYou may serve it with a static server:
[35m@aptos-wallet/dapp-example:build: [0m
[35m@aptos-wallet/dapp-example:build: [0m  yarn global add serve
[35m@aptos-wallet/dapp-example:build: [0m  serve -s build
[35m@aptos-wallet/dapp-example:build: [0m
[35m@aptos-wallet/dapp-example:build: [0mFind out more about deployment here:
[35m@aptos-wallet/dapp-example:build: [0m
[35m@aptos-wallet/dapp-example:build: [0m  https://cra.link/deployment
[35m@aptos-wallet/dapp-example:build: [0m
