[34m@aptos-wallet/extension:build[0m: cache hit, replaying output [2m164eb2a34ce95491[0m
[34m@aptos-wallet/extension:build: [0m$ rimraf build
[34m@aptos-wallet/extension:build: [0m$ yarn run lint:fix && yarn run build:app && yarn run build:bg && yarn run build:inpage && yarn run build:prompt
[34m@aptos-wallet/extension:build: [0m$ eslint ./src --fix
[34m@aptos-wallet/extension:build: [0m$ INLINE_RUNTIME_CHUNK=false react-scripts build
[34m@aptos-wallet/extension:build: [0mCreating an optimized production build...
[34m@aptos-wallet/extension:build: [0mCompiled successfully.
[34m@aptos-wallet/extension:build: [0m
[34m@aptos-wallet/extension:build: [0mFile sizes after gzip:
[34m@aptos-wallet/extension:build: [0m
[34m@aptos-wallet/extension:build: [0m  263.09 kB  build/static/js/main.58dccdb3.js
[34m@aptos-wallet/extension:build: [0m
[34m@aptos-wallet/extension:build: [0mThe project was built assuming it is hosted at /.
[34m@aptos-wallet/extension:build: [0mYou can control this with the homepage field in your package.json.
[34m@aptos-wallet/extension:build: [0m
[34m@aptos-wallet/extension:build: [0mThe build folder is ready to be deployed.
[34m@aptos-wallet/extension:build: [0mYou may serve it with a static server:
[34m@aptos-wallet/extension:build: [0m
[34m@aptos-wallet/extension:build: [0m  yarn global add serve
[34m@aptos-wallet/extension:build: [0m  serve -s build
[34m@aptos-wallet/extension:build: [0m
[34m@aptos-wallet/extension:build: [0mFind out more about deployment here:
[34m@aptos-wallet/extension:build: [0m
[34m@aptos-wallet/extension:build: [0m  https://cra.link/deployment
[34m@aptos-wallet/extension:build: [0m
[34m@aptos-wallet/extension:build: [0m$ webpack --mode production ./src/scripts/background.js --output-path ./build --output-filename background.js
[34m@aptos-wallet/extension:build: [0masset background.js 164 KiB [emitted] [minimized] (name: main) 1 related asset
[34m@aptos-wallet/extension:build: [0mruntime modules 969 bytes 5 modules
[34m@aptos-wallet/extension:build: [0morphan modules 6.17 KiB [orphan] 1 module
[34m@aptos-wallet/extension:build: [0mmodules by path ../../node_modules/ 370 KiB
[34m@aptos-wallet/extension:build: [0m  modules by path ../../node_modules/aptos/ 169 KiB
[34m@aptos-wallet/extension:build: [0m    modules by path ../../node_modules/aptos/dist/ 120 KiB 31 modules
[34m@aptos-wallet/extension:build: [0m    modules by path ../../node_modules/aptos/node_modules/axios/ 49.3 KiB 30 modules
[34m@aptos-wallet/extension:build: [0m  modules by path ../../node_modules/axios/ 56.8 KiB 32 modules
[34m@aptos-wallet/extension:build: [0m  + 5 modules
[34m@aptos-wallet/extension:build: [0mmodules by path ./src/ 47.4 KiB
[34m@aptos-wallet/extension:build: [0m  modules by path ./src/core/utils/*.ts 13.3 KiB 3 modules
[34m@aptos-wallet/extension:build: [0m  modules by path ./src/core/*.ts 2.11 KiB
[34m@aptos-wallet/extension:build: [0m    ./src/core/constants.ts 1.26 KiB [built] [code generated]
[34m@aptos-wallet/extension:build: [0m    ./src/core/types.ts 875 bytes [built] [code generated]
[34m@aptos-wallet/extension:build: [0m  ./src/scripts/background.js + 1 modules 32 KiB [built] [code generated]
[34m@aptos-wallet/extension:build: [0mcrypto (ignored) 15 bytes [built] [code generated]
[34m@aptos-wallet/extension:build: [0mwebpack 5.73.0 compiled successfully in 4596 ms
[34m@aptos-wallet/extension:build: [0m$ webpack --mode production ./src/scripts/inpage.js --output-path ./build --output-filename inpage.js
[34m@aptos-wallet/extension:build: [0masset inpage.js 2.06 KiB [emitted] [minimized] (name: main)
[34m@aptos-wallet/extension:build: [0m./src/scripts/inpage.js 3.03 KiB [built] [code generated]
[34m@aptos-wallet/extension:build: [0m./src/core/types.ts 875 bytes [built] [code generated]
[34m@aptos-wallet/extension:build: [0mwebpack 5.73.0 compiled successfully in 2980 ms
[34m@aptos-wallet/extension:build: [0m$ webpack --mode production ./src/scripts/prompt.jsx --output-path ./build --output-filename prompt.jsx
[34m@aptos-wallet/extension:build: [0masset prompt.jsx 1.08 MiB [emitted] [big] (name: main)
[34m@aptos-wallet/extension:build: [0morphan modules 1.5 MiB [orphan] 480 modules
[34m@aptos-wallet/extension:build: [0mruntime modules 2.5 KiB 7 modules
[34m@aptos-wallet/extension:build: [0mcacheable modules 1.1 MiB
[34m@aptos-wallet/extension:build: [0m  modules by path ../../node_modules/ 205 KiB
[34m@aptos-wallet/extension:build: [0m    modules by path ../../node_modules/react-dom/ 131 KiB 3 modules
[34m@aptos-wallet/extension:build: [0m    modules by path ../../node_modules/react/ 6.94 KiB 2 modules
[34m@aptos-wallet/extension:build: [0m    modules by path ../../node_modules/scheduler/ 4.33 KiB 2 modules
[34m@aptos-wallet/extension:build: [0m    modules by path ../../node_modules/react-is/ 2.69 KiB 2 modules
[34m@aptos-wallet/extension:build: [0m    + 5 modules
[34m@aptos-wallet/extension:build: [0m  modules by path ./src/ 918 KiB
[34m@aptos-wallet/extension:build: [0m    ./src/scripts/prompt.jsx + 251 modules 917 KiB [built] [code generated]
[34m@aptos-wallet/extension:build: [0m    ./src/core/types.ts 875 bytes [built] [code generated]
[34m@aptos-wallet/extension:build: [0m
[34m@aptos-wallet/extension:build: [0mWARNING in asset size limit: The following asset(s) exceed the recommended size limit (244 KiB).
[34m@aptos-wallet/extension:build: [0mThis can impact web performance.
[34m@aptos-wallet/extension:build: [0mAssets: 
[34m@aptos-wallet/extension:build: [0m  prompt.jsx (1.08 MiB)
[34m@aptos-wallet/extension:build: [0m
[34m@aptos-wallet/extension:build: [0mWARNING in entrypoint size limit: The following entrypoint(s) combined asset size exceeds the recommended limit (244 KiB). This can impact web performance.
[34m@aptos-wallet/extension:build: [0mEntrypoints:
[34m@aptos-wallet/extension:build: [0m  main (1.08 MiB)
[34m@aptos-wallet/extension:build: [0m      prompt.jsx
[34m@aptos-wallet/extension:build: [0m
[34m@aptos-wallet/extension:build: [0mWARNING in webpack performance recommendations: 
[34m@aptos-wallet/extension:build: [0mYou can limit the size of your bundles by using import() or require.ensure to lazy load some parts of your application.
[34m@aptos-wallet/extension:build: [0mFor more info visit https://webpack.js.org/guides/code-splitting/
[34m@aptos-wallet/extension:build: [0m
[34m@aptos-wallet/extension:build: [0mwebpack 5.73.0 compiled with 3 warnings in 3688 ms
